1594379394810:help
1594379401821:count
1594384797231:help
1594384802476:insert
1594385132718:exit
1594385182479:count
1594388492745:help
1594388496615:insert
1594388942570:help
1594389121270:getById
1594394946776:help
1594394951710:getAll
1594394957485:exit
1594395506064:help
1594395515958:deleteById
1594395823744:help
1594395831333:deleteById
1594395841893:getAll
1594395846110:exit
1599792113367:help
1599792126119:count
1613626456183:help
1613626477229:quit
1613672549354:help
1613672578635:authorCount
1613672613693:help
1613672621715:authorCount
1613672739709:help
1613672746291:bookCount
1613672759443:authorCount
1613672766538:genreCount
1613672820731:genreGetAll
1613673000876:bookGetAl
1613673004794:bookGetAll
1613673067532:authorGetAll
1613710253129:help
1613710360645:authorCount
1613710396845:authorInsert
1613710783592:authorDeleteById
1613710815551:authorGetById
1613710846614:authorGetAll
1613710897341:bookCount
1613710907837:bookInsert
1613712104945:bookGetAll
1613712173199:bookGetById
1613712269959:bookDeleteById
1613712355823:genreCount
1613712365679:genreDeleteById
1613712373511:genreGetAll
1613712380151:genreInsert
1613712840762:genreGetById
1613712926793:genreInsert
1613715835711:authorInsert
1613719804958:genreInsert
1613719840867:bookInsert
1613721040777:genreInsert
1613721832898:bookInsert
1613986124783:genreInsert
1613986582558:genre insert
1613986588882:genreinsert
1613986598932:genreInsert
1614070499577:help
1614070558917:authorCount
1614070690984:help
1614070801238:authorDeleteById
1614070822806:authorInsert
1614070858086:authorFindById
1614070875661:authorFindAll
1614070923605:bookCount
1614071007829:bookDeleteById
1614071027061:bookInsert
1614071079638:bookFindAll
1614071791150:bookFindById
1614071863742:genreCount
1614071878326:genreFindAll
1614071889894:genreFindById
1614071899950:genreDeleteById6
1614071903062:genreDeleteById
1614071915813:genreInsert
1614071935589:genreFindAll
1614071939836:end
1614071944910:help
1614071952829:quit
1615295903879:help
1615295908999:quit
1615366952799:testMethod
1615367341813:stacktrace
1615368045813:testMethod
1615441000160:stacktrace
1615441316189:test
1615441535629:testMethod
1615479001407:stacktrace
1615525508000:testMethod
1615624859937:authorCount
1615625946078:authorInsert
1615626736302:authorFindById
1615627106246:authorFindAll
1615627110987:quit
1615627571444:genreCount
1615627596147:stacktrace
1615627732028:genreCount
1615628314956:import com.sun.tools.javac.jvm.Gen;
1615628325114:genreFindById
1615642705401:authorCount
1615642714389:authorFindById
1615642722349:authorFindAll
1615642729011:genreCount
1615642758660:stacktrace
1615642852715:authorInsert
1615643131028:authorFindAll
1615643144234:authorInsert
1615707296320:genreCount
1615708888517:genreFindAll
1615709247180:genreCount
1615711326611:commentCount
1615711335073:commentFindById
1615711482227:commentCount
1615711489393:commentFindAll
1615711814673:genreFindAll
1615711822896:commentFindAll
1615713230007:stacktrace
1615713272543:commentFindAll
1615870226689:stacktrace
1615870618029:commentFindAll
1615870627176:stacktrace
1615870946578:commentFindAll
1615871690043:commentFindById
1615872524225:bookCount
1615872532047:bookFindById
1615872540304:bookFindAll
1616043276310:exit
1616044007064:authorFindAll
1616044024478:authorInsert
1616044496582:authorFindAll
1616044857040:genreGetAll
1616044865630:genreFindAll
1616044882397:genreInsert
1616045491015:commentFindAll
1616045505269:commentInsert
1616045519565:commentFindAll
1616045785710:bookFindAll
1616045800701:bookInsert
1616045909997:bookFindAll
1616132382660:genreFindAll
1616132391127:genreDeleteById
1616132404151:stacktrace
1616132457521:genreDeleteById
1616132483151:stacktrace
1616132669161:genreDeleteById
1616132680871:genreFindAll
1616132742183:genreDeleteById
1616133150583:stacktrace
1617520043995:genreDeleteById
1617521135584:stacktrace
1617521239466:genreDeleteById
1617945702112:authorDeleteById
1617945838160:bookDeleteById
1617945860838:commentDeleteById
1621365539137:authorCount
1621399768641:authorFindAll
1621400324301:bookCount
1621400338532:bookFindAll
1621400349116:bookFindById
1621400635262:genreCount
1621400644235:genreFindAll
1621400716869:bookCount
1621400727004:authorCount
1621400741835:genreCount
1621400972717:commentCount
1621400982988:commentFindAll
1621401047709:authorCount
1621401061332:genreCount
1621401071971:commentCount
